# JRE version: Java(TM) SE Runtime Environment (17.0.12+8) (build 17.0.12+8-LTS-286)
# Java VM: Java HotSpot(TM) 64-Bit Server VM (17.0.12+8-LTS-286, mixed mode, emulated-client, sharing, tiered, compressed oops, compressed class ptrs, g1 gc, windows-amd64)
GC Precious Log:
 CPUs: 8 total, 8 available
 Memory: 7975M
 Large Page Support: Disabled
 NUMA Support: Disabled
 Compressed Oops: Enabled (32-bit)
 Heap Region Size: 1M
 Heap Min Capacity: 8M
 Heap Initial Capacity: 126M
 Heap Max Capacity: 1994M
 Pre-touch: Disabled
 Parallel Workers: 8
 Concurrent Workers: 2
 Concurrent Refinement Workers: 8
 Periodic GC: Disabled
Heap:
 garbage-first heap   total 258048K, used 64358K [0x0000000083600000, 0x0000000100000000)
  region size 1024K, 2 young (2048K), 2 survivors (2048K)
 Metaspace       used 72386K, committed 72960K, reserved 1114112K
  class space    used 10899K, committed 11136K, reserved 1048576K
GC Heap History (20 events):
Event: 790.759 GC heap after
{Heap after GC invocations=23 (full 0):
 garbage-first heap   total 86016K, used 40769K [0x0000000083600000, 0x0000000100000000)
  region size 1024K, 1 young (1024K), 1 survivors (1024K)
 Metaspace       used 67035K, committed 67584K, reserved 1114112K
  class space    used 9865K, committed 10112K, reserved 1048576K
}
Event: 792.491 GC heap before
{Heap before GC invocations=23 (full 0):
 garbage-first heap   total 86016K, used 69441K [0x0000000083600000, 0x0000000100000000)
  region size 1024K, 29 young (29696K), 1 survivors (1024K)
 Metaspace       used 70749K, committed 71296K, reserved 1114112K
  class space    used 10525K, committed 10752K, reserved 1048576K
}
Event: 792.505 GC heap after
{Heap after GC invocations=24 (full 0):
 garbage-first heap   total 86016K, used 42222K [0x0000000083600000, 0x0000000100000000)
  region size 1024K, 2 young (2048K), 2 survivors (2048K)
 Metaspace       used 70749K, committed 71296K, reserved 1114112K
  class space    used 10525K, committed 10752K, reserved 1048576K
}
Event: 792.644 GC heap before
{Heap before GC invocations=24 (full 0):
 garbage-first heap   total 86016K, used 69870K [0x0000000083600000, 0x0000000100000000)
  region size 1024K, 29 young (29696K), 2 survivors (2048K)
 Metaspace       used 70752K, committed 71296K, reserved 1114112K
  class space    used 10525K, committed 10752K, reserved 1048576K
}
Event: 792.647 GC heap after
{Heap after GC invocations=25 (full 0):
 garbage-first heap   total 86016K, used 43238K [0x0000000083600000, 0x0000000100000000)
  region size 1024K, 3 young (3072K), 3 survivors (3072K)
 Metaspace       used 70752K, committed 71296K, reserved 1114112K
  class space    used 10525K, committed 10752K, reserved 1048576K
}
Event: 792.992 GC heap before
{Heap before GC invocations=26 (full 0):
 garbage-first heap   total 86016K, used 70886K [0x0000000083600000, 0x0000000100000000)
  region size 1024K, 30 young (30720K), 3 survivors (3072K)
 Metaspace       used 72377K, committed 72896K, reserved 1114112K
  class space    used 10899K, committed 11136K, reserved 1048576K
}
Event: 793.007 GC heap after
{Heap after GC invocations=27 (full 0):
 garbage-first heap   total 86016K, used 46579K [0x0000000083600000, 0x0000000100000000)
  region size 1024K, 4 young (4096K), 4 survivors (4096K)
 Metaspace       used 72377K, committed 72896K, reserved 1114112K
  class space    used 10899K, committed 11136K, reserved 1048576K
}
Event: 793.011 GC heap before
{Heap before GC invocations=27 (full 0):
 garbage-first heap   total 86016K, used 47603K [0x0000000083600000, 0x0000000100000000)
  region size 1024K, 5 young (5120K), 4 survivors (4096K)
 Metaspace       used 72377K, committed 72896K, reserved 1114112K
  class space    used 10899K, committed 11136K, reserved 1048576K
}
Event: 793.027 GC heap after
{Heap after GC invocations=28 (full 0):
 garbage-first heap   total 86016K, used 46520K [0x0000000083600000, 0x0000000100000000)
  region size 1024K, 1 young (1024K), 1 survivors (1024K)
 Metaspace       used 72377K, committed 72896K, reserved 1114112K
  class space    used 10899K, committed 11136K, reserved 1048576K
}
Event: 793.115 GC heap before
{Heap before GC invocations=28 (full 0):
 garbage-first heap   total 86016K, used 68024K [0x0000000083600000, 0x0000000100000000)
  region size 1024K, 22 young (22528K), 1 survivors (1024K)
 Metaspace       used 72379K, committed 72896K, reserved 1114112K
  class space    used 10899K, committed 11136K, reserved 1048576K
}
Event: 794.145 GC heap after
{Heap after GC invocations=29 (full 0):
 garbage-first heap   total 258048K, used 53578K [0x0000000083600000, 0x0000000100000000)
  region size 1024K, 3 young (3072K), 3 survivors (3072K)
 Metaspace       used 72379K, committed 72896K, reserved 1114112K
  class space    used 10899K, committed 11136K, reserved 1048576K
}
Event: 794.189 GC heap before
{Heap before GC invocations=29 (full 0):
 garbage-first heap   total 258048K, used 62794K [0x0000000083600000, 0x0000000100000000)
  region size 1024K, 12 young (12288K), 3 survivors (3072K)
 Metaspace       used 72380K, committed 72896K, reserved 1114112K
  class space    used 10899K, committed 11136K, reserved 1048576K
}
Event: 794.193 GC heap after
{Heap after GC invocations=30 (full 0):
 garbage-first heap   total 258048K, used 54468K [0x0000000083600000, 0x0000000100000000)
  region size 1024K, 1 young (1024K), 1 survivors (1024K)
 Metaspace       used 72380K, committed 72896K, reserved 1114112K
  class space    used 10899K, committed 11136K, reserved 1048576K
}
Event: 794.239 GC heap before
{Heap before GC invocations=30 (full 0):
 garbage-first heap   total 258048K, used 65732K [0x0000000083600000, 0x0000000100000000)
  region size 1024K, 12 young (12288K), 1 survivors (1024K)
 Metaspace       used 72385K, committed 72960K, reserved 1114112K
  class space    used 10899K, committed 11136K, reserved 1048576K
}
Event: 794.242 GC heap after
{Heap after GC invocations=31 (full 0):
 garbage-first heap   total 258048K, used 57731K [0x0000000083600000, 0x0000000100000000)
  region size 1024K, 2 young (2048K), 2 survivors (2048K)
 Metaspace       used 72385K, committed 72960K, reserved 1114112K
  class space    used 10899K, committed 11136K, reserved 1048576K
}
Event: 794.295 GC heap before
{Heap before GC invocations=32 (full 0):
 garbage-first heap   total 201728K, used 67971K [0x0000000083600000, 0x0000000100000000)
  region size 1024K, 12 young (12288K), 2 survivors (2048K)
 Metaspace       used 72385K, committed 72960K, reserved 1114112K
  class space    used 10899K, committed 11136K, reserved 1048576K
}
Event: 794.303 GC heap after
{Heap after GC invocations=33 (full 0):
 garbage-first heap   total 201728K, used 61246K [0x0000000083600000, 0x0000000100000000)
  region size 1024K, 2 young (2048K), 2 survivors (2048K)
 Metaspace       used 72385K, committed 72960K, reserved 1114112K
  class space    used 10899K, committed 11136K, reserved 1048576K
}
Event: 794.362 GC heap before
{Heap before GC invocations=33 (full 0):
 garbage-first heap   total 201728K, used 68414K [0x0000000083600000, 0x0000000100000000)
  region size 1024K, 9 young (9216K), 2 survivors (2048K)
 Metaspace       used 72386K, committed 72960K, reserved 1114112K
  class space    used 10899K, committed 11136K, reserved 1048576K
}
Event: 794.365 GC heap after
{Heap after GC invocations=34 (full 0):
 garbage-first heap   total 201728K, used 62341K [0x0000000083600000, 0x0000000100000000)
  region size 1024K, 2 young (2048K), 2 survivors (2048K)
 Metaspace       used 72386K, committed 72960K, reserved 1114112K
  class space    used 10899K, committed 11136K, reserved 1048576K
}
Event: 794.412 GC heap before
{Heap before GC invocations=34 (full 0):
 garbage-first heap   total 201728K, used 69509K [0x0000000083600000, 0x0000000100000000)
  region size 1024K, 9 young (9216K), 2 survivors (2048K)
 Metaspace       used 72386K, committed 72960K, reserved 1114112K
  class space    used 10899K, committed 11136K, reserved 1048576K
}

