# JRE version: Java(TM) SE Runtime Environment (17.0.12+8) (build 17.0.12+8-LTS-286)
# Java VM: Java HotSpot(TM) 64-Bit Server VM (17.0.12+8-LTS-286, mixed mode, emulated-client, sharing, tiered, compressed oops, compressed class ptrs, g1 gc, windows-amd64)
GC Precious Log:
 CPUs: 8 total, 8 available
 Memory: 7975M
 Large Page Support: Disabled
 NUMA Support: Disabled
 Compressed Oops: Enabled (32-bit)
 Heap Region Size: 1M
 Heap Min Capacity: 8M
 Heap Initial Capacity: 126M
 Heap Max Capacity: 1994M
 Pre-touch: Disabled
 Parallel Workers: 8
 Concurrent Workers: 2
 Concurrent Refinement Workers: 8
 Periodic GC: Disabled
Heap:
 garbage-first heap   total 129024K, used 44441K [0x0000000083600000, 0x0000000100000000)
  region size 1024K, 1 young (1024K), 1 survivors (1024K)
 Metaspace       used 70534K, committed 71104K, reserved 1114112K
  class space    used 10500K, committed 10752K, reserved 1048576K
GC Heap History (20 events):
Event: 12.139 GC heap after
{Heap after GC invocations=15 (full 0):
 garbage-first heap   total 75776K, used 34658K [0x0000000083600000, 0x0000000100000000)
  region size 1024K, 3 young (3072K), 3 survivors (3072K)
 Metaspace       used 49497K, committed 50048K, reserved 1114112K
  class space    used 7097K, committed 7360K, reserved 1048576K
}
Event: 13.221 GC heap before
{Heap before GC invocations=15 (full 0):
 garbage-first heap   total 75776K, used 59234K [0x0000000083600000, 0x0000000100000000)
  region size 1024K, 28 young (28672K), 3 survivors (3072K)
 Metaspace       used 53253K, committed 53760K, reserved 1114112K
  class space    used 7616K, committed 7872K, reserved 1048576K
}
Event: 13.230 GC heap after
{Heap after GC invocations=16 (full 0):
 garbage-first heap   total 75776K, used 37318K [0x0000000083600000, 0x0000000100000000)
  region size 1024K, 4 young (4096K), 4 survivors (4096K)
 Metaspace       used 53253K, committed 53760K, reserved 1114112K
  class space    used 7616K, committed 7872K, reserved 1048576K
}
Event: 13.728 GC heap before
{Heap before GC invocations=16 (full 0):
 garbage-first heap   total 75776K, used 59846K [0x0000000083600000, 0x0000000100000000)
  region size 1024K, 27 young (27648K), 4 survivors (4096K)
 Metaspace       used 55938K, committed 56448K, reserved 1114112K
  class space    used 7998K, committed 8256K, reserved 1048576K
}
Event: 13.735 GC heap after
{Heap after GC invocations=17 (full 0):
 garbage-first heap   total 75776K, used 38449K [0x0000000083600000, 0x0000000100000000)
  region size 1024K, 2 young (2048K), 2 survivors (2048K)
 Metaspace       used 55938K, committed 56448K, reserved 1114112K
  class space    used 7998K, committed 8256K, reserved 1048576K
}
Event: 14.461 GC heap before
{Heap before GC invocations=17 (full 0):
 garbage-first heap   total 75776K, used 60977K [0x0000000083600000, 0x0000000100000000)
  region size 1024K, 24 young (24576K), 2 survivors (2048K)
 Metaspace       used 61327K, committed 61888K, reserved 1114112K
  class space    used 8913K, committed 9216K, reserved 1048576K
}
Event: 14.463 GC heap after
{Heap after GC invocations=18 (full 0):
 garbage-first heap   total 75776K, used 38763K [0x0000000083600000, 0x0000000100000000)
  region size 1024K, 2 young (2048K), 2 survivors (2048K)
 Metaspace       used 61327K, committed 61888K, reserved 1114112K
  class space    used 8913K, committed 9216K, reserved 1048576K
}
Event: 14.683 GC heap before
{Heap before GC invocations=19 (full 0):
 garbage-first heap   total 75776K, used 61291K [0x0000000083600000, 0x0000000100000000)
  region size 1024K, 24 young (24576K), 2 survivors (2048K)
 Metaspace       used 61525K, committed 62080K, reserved 1114112K
  class space    used 8943K, committed 9216K, reserved 1048576K
}
Event: 14.685 GC heap after
{Heap after GC invocations=20 (full 0):
 garbage-first heap   total 75776K, used 39042K [0x0000000083600000, 0x0000000100000000)
  region size 1024K, 2 young (2048K), 2 survivors (2048K)
 Metaspace       used 61525K, committed 62080K, reserved 1114112K
  class space    used 8943K, committed 9216K, reserved 1048576K
}
Event: 14.852 GC heap before
{Heap before GC invocations=20 (full 0):
 garbage-first heap   total 75776K, used 62594K [0x0000000083600000, 0x0000000100000000)
  region size 1024K, 25 young (25600K), 2 survivors (2048K)
 Metaspace       used 61711K, committed 62272K, reserved 1114112K
  class space    used 8974K, committed 9280K, reserved 1048576K
}
Event: 14.855 GC heap after
{Heap after GC invocations=21 (full 0):
 garbage-first heap   total 75776K, used 39500K [0x0000000083600000, 0x0000000100000000)
  region size 1024K, 3 young (3072K), 3 survivors (3072K)
 Metaspace       used 61711K, committed 62272K, reserved 1114112K
  class space    used 8974K, committed 9280K, reserved 1048576K
}
Event: 15.386 GC heap before
{Heap before GC invocations=22 (full 0):
 garbage-first heap   total 76800K, used 62028K [0x0000000083600000, 0x0000000100000000)
  region size 1024K, 25 young (25600K), 3 survivors (3072K)
 Metaspace       used 65016K, committed 65536K, reserved 1114112K
  class space    used 9537K, committed 9792K, reserved 1048576K
}
Event: 15.389 GC heap after
{Heap after GC invocations=23 (full 0):
 garbage-first heap   total 76800K, used 40812K [0x0000000083600000, 0x0000000100000000)
  region size 1024K, 3 young (3072K), 3 survivors (3072K)
 Metaspace       used 65016K, committed 65536K, reserved 1114112K
  class space    used 9537K, committed 9792K, reserved 1048576K
}
Event: 15.837 GC heap before
{Heap before GC invocations=23 (full 0):
 garbage-first heap   total 76800K, used 63340K [0x0000000083600000, 0x0000000100000000)
  region size 1024K, 25 young (25600K), 3 survivors (3072K)
 Metaspace       used 67502K, committed 68160K, reserved 1114112K
  class space    used 9935K, committed 10240K, reserved 1048576K
}
Event: 15.845 GC heap after
{Heap after GC invocations=24 (full 0):
 garbage-first heap   total 76800K, used 42973K [0x0000000083600000, 0x0000000100000000)
  region size 1024K, 4 young (4096K), 4 survivors (4096K)
 Metaspace       used 67502K, committed 68160K, reserved 1114112K
  class space    used 9935K, committed 10240K, reserved 1048576K
}
Event: 16.281 GC heap before
{Heap before GC invocations=25 (full 0):
 garbage-first heap   total 76800K, used 63453K [0x0000000083600000, 0x0000000100000000)
  region size 1024K, 24 young (24576K), 4 survivors (4096K)
 Metaspace       used 70524K, committed 71104K, reserved 1114112K
  class space    used 10500K, committed 10752K, reserved 1048576K
}
Event: 16.288 GC heap after
{Heap after GC invocations=26 (full 0):
 garbage-first heap   total 76800K, used 44704K [0x0000000083600000, 0x0000000100000000)
  region size 1024K, 2 young (2048K), 2 survivors (2048K)
 Metaspace       used 70524K, committed 71104K, reserved 1114112K
  class space    used 10500K, committed 10752K, reserved 1048576K
}
Event: 16.293 GC heap before
{Heap before GC invocations=26 (full 0):
 garbage-first heap   total 76800K, used 45728K [0x0000000083600000, 0x0000000100000000)
  region size 1024K, 3 young (3072K), 2 survivors (2048K)
 Metaspace       used 70524K, committed 71104K, reserved 1114112K
  class space    used 10500K, committed 10752K, reserved 1048576K
}
Event: 16.296 GC heap after
{Heap after GC invocations=27 (full 0):
 garbage-first heap   total 76800K, used 44159K [0x0000000083600000, 0x0000000100000000)
  region size 1024K, 1 young (1024K), 1 survivors (1024K)
 Metaspace       used 70524K, committed 71104K, reserved 1114112K
  class space    used 10500K, committed 10752K, reserved 1048576K
}
Event: 16.347 GC heap before
{Heap before GC invocations=27 (full 0):
 garbage-first heap   total 76800K, used 62591K [0x0000000083600000, 0x0000000100000000)
  region size 1024K, 19 young (19456K), 1 survivors (1024K)
 Metaspace       used 70534K, committed 71104K, reserved 1114112K
  class space    used 10500K, committed 10752K, reserved 1048576K
}

